  main.cpp
D:\Study\Informatics\Домашние работы\Рунтов Иван_РИС-24-3б\2 семестр\Деревья\Tree\Tree.h(240,64): warning C4267: аргумент: преобразование из "size_t" в "int"; возможна потеря данных
  (компиляция исходного файла "main.cpp")
      D:\Study\Informatics\Домашние работы\Рунтов Иван_РИС-24-3б\2 семестр\Деревья\Tree\Tree.h(240,64):
      контекст создания экземпляра шаблона (сначала самый старый)
          D:\Study\Informatics\Домашние работы\Рунтов Иван_РИС-24-3б\2 семестр\Деревья\Tree\main.cpp(7,24):
          выполняется компиляция ссылки на экземпляр класс шаблон функции "Tree<int>"
          D:\Study\Informatics\Домашние работы\Рунтов Иван_РИС-24-3б\2 семестр\Деревья\Tree\Tree.h(237,1):
          во время компиляции функции-члена класс шаблон "void Tree<int>::balance(void)"
              D:\Study\Informatics\Домашние работы\Рунтов Иван_РИС-24-3б\2 семестр\Деревья\Tree\main.cpp(16,15):
              см. первую ссылку на Tree<int>::balance "main"
  
D:\Study\Informatics\Домашние работы\Рунтов Иван_РИС-24-3б\2 семестр\Деревья\Tree\Tree.h(398,40): warning C4244: return: преобразование "double" в "int", возможна потеря данных
  (компиляция исходного файла "main.cpp")
      D:\Study\Informatics\Домашние работы\Рунтов Иван_РИС-24-3б\2 семестр\Деревья\Tree\Tree.h(398,40):
      контекст создания экземпляра шаблона (сначала самый старый)
          D:\Study\Informatics\Домашние работы\Рунтов Иван_РИС-24-3б\2 семестр\Деревья\Tree\Tree.h(397,1):
          во время компиляции функции-члена класс шаблон "int Tree<int>::get_width(void)"
              D:\Study\Informatics\Домашние работы\Рунтов Иван_РИС-24-3б\2 семестр\Деревья\Tree\main.cpp(9,57):
              см. первую ссылку на Tree<int>::get_width "main"
  
  Tree.vcxproj -> D:\Study\Informatics\Домашние работы\Рунтов Иван_РИС-24-3б\2 семестр\Деревья\Tree\x64\Debug\Tree.exe
