  main.cpp
D:\Study\Informatics\Домашние работы\Рунтов Иван_РИС-24-3б\2 семестр\class\11\lab_11_5\main.cpp(8,12): warning C4244: аргумент: преобразование "time_t" в "unsigned int", возможна потеря данных
D:\Study\Informatics\Домашние работы\Рунтов Иван_РИС-24-3б\2 семестр\class\11\lab_11_5\List.h(59,16): warning C4267: =: преобразование из "size_t" в "int"; возможна потеря данных
  (компиляция исходного файла "main.cpp")
      D:\Study\Informatics\Домашние работы\Рунтов Иван_РИС-24-3б\2 семестр\class\11\lab_11_5\List.h(59,16):
      контекст создания экземпляра шаблона (сначала самый старый)
          D:\Study\Informatics\Домашние работы\Рунтов Иван_РИС-24-3б\2 семестр\class\11\lab_11_5\main.cpp(12,14):
          выполняется компиляция ссылки на экземпляр класс шаблон функции "List<Pair>"
          D:\Study\Informatics\Домашние работы\Рунтов Иван_РИС-24-3б\2 семестр\class\11\lab_11_5\List.h(52,1):
          во время компиляции функции-члена класс шаблон "List<Pair>::List(int)"
              D:\Study\Informatics\Домашние работы\Рунтов Иван_РИС-24-3б\2 семестр\class\11\lab_11_5\main.cpp(12,17):
              см. первую ссылку на "List<Pair>::List" в "main"
  
D:\Study\Informatics\Домашние работы\Рунтов Иван_РИС-24-3б\2 семестр\class\11\lab_11_5\List.h(82,11): warning C4267: инициализация: преобразование из "size_t" в "int"; возможна потеря данных
  (компиляция исходного файла "main.cpp")
      D:\Study\Informatics\Домашние работы\Рунтов Иван_РИС-24-3б\2 семестр\class\11\lab_11_5\List.h(82,11):
      контекст создания экземпляра шаблона (сначала самый старый)
          D:\Study\Informatics\Домашние работы\Рунтов Иван_РИС-24-3б\2 семестр\class\11\lab_11_5\List.h(79,1):
          во время компиляции функции-члена класс шаблон "T List<T>::srednee(void)"
          with
          [
              T=Pair
          ]
              D:\Study\Informatics\Домашние работы\Рунтов Иван_РИС-24-3б\2 семестр\class\11\lab_11_5\main.cpp(16,10):
              см. первую ссылку на "List<Pair>::srednee" в "main"
  
D:\Study\Informatics\Домашние работы\Рунтов Иван_РИС-24-3б\2 семестр\class\11\lab_11_5\List.h(87,16): warning C4267: =: преобразование из "size_t" в "int"; возможна потеря данных
  (компиляция исходного файла "main.cpp")
  
D:\Study\Informatics\Домашние работы\Рунтов Иван_РИС-24-3б\2 семестр\class\11\lab_11_5\List.h(95,16): warning C4267: =: преобразование из "size_t" в "int"; возможна потеря данных
  (компиляция исходного файла "main.cpp")
      D:\Study\Informatics\Домашние работы\Рунтов Иван_РИС-24-3б\2 семестр\class\11\lab_11_5\List.h(95,16):
      контекст создания экземпляра шаблона (сначала самый старый)
          D:\Study\Informatics\Домашние работы\Рунтов Иван_РИС-24-3б\2 семестр\class\11\lab_11_5\List.h(93,1):
          во время компиляции функции-члена класс шаблон "void List<Pair>::add(T)"
          with
          [
              T=Pair
          ]
              D:\Study\Informatics\Домашние работы\Рунтов Иван_РИС-24-3б\2 семестр\class\11\lab_11_5\main.cpp(16,10):
              см. первую ссылку на "List<Pair>::add" в "main"
  
D:\Study\Informatics\Домашние работы\Рунтов Иван_РИС-24-3б\2 семестр\class\11\lab_11_5\List.h(119,16): warning C4267: =: преобразование из "size_t" в "int"; возможна потеря данных
  (компиляция исходного файла "main.cpp")
      D:\Study\Informatics\Домашние работы\Рунтов Иван_РИС-24-3б\2 семестр\class\11\lab_11_5\List.h(119,16):
      контекст создания экземпляра шаблона (сначала самый старый)
          D:\Study\Informatics\Домашние работы\Рунтов Иван_РИС-24-3б\2 семестр\class\11\lab_11_5\List.h(100,1):
          во время компиляции функции-члена класс шаблон "void List<Pair>::erase_by_key(T,int,int)"
          with
          [
              T=Pair
          ]
              D:\Study\Informatics\Домашние работы\Рунтов Иван_РИС-24-3б\2 семестр\class\11\lab_11_5\main.cpp(28,19):
              см. первую ссылку на "List<Pair>::erase_by_key" в "main"
  
  lab_11_5.vcxproj -> D:\Study\Informatics\Домашние работы\Рунтов Иван_РИС-24-3б\2 семестр\class\11\lab_11_5\x64\Debug\lab_11_5.exe
